2023-09-04 12:30:11,303 - Namespace(file_path='data/LD2011_2014.txt', artificial_missing_rate=0.3, seq_len=100, dataset_name='SAITS_30missingrate_100seqlen', saving_path='/content/drive/MyDrive/ColabNotebooks/TFM/generated_data')
2023-09-04 12:30:27,022 - months selected as test set are <PeriodArray>
['2011-01', '2011-02', '2011-03', '2011-04', '2011-05', '2011-06', '2011-07',
 '2011-08', '2011-09', '2011-10']
Length: 10, dtype: period[M]
2023-09-04 12:30:27,022 - months selected as val set are <PeriodArray>
['2011-11', '2011-12', '2012-01', '2012-02', '2012-03', '2012-04', '2012-05',
 '2012-06', '2012-07', '2012-08']
Length: 10, dtype: period[M]
2023-09-04 12:30:27,023 - months selected as train set are <PeriodArray>
['2012-09', '2012-10', '2012-11', '2012-12', '2013-01', '2013-02', '2013-03',
 '2013-04', '2013-05', '2013-06', '2013-07', '2013-08', '2013-09', '2013-10',
 '2013-11', '2013-12', '2014-01', '2014-02', '2014-03', '2014-04', '2014-05',
 '2014-06', '2014-07', '2014-08', '2014-09', '2014-10', '2014-11', '2014-12',
 '2015-01']
Length: 29, dtype: period[M]
2023-09-04 12:30:37,140 - Already masked out 30.0% values in train set
2023-09-04 12:30:41,966 - In val set, num of artificially-masked values: 2799803.0
2023-09-04 12:30:41,971 - In test set, num of artificially-masked values: 2790151.0
2023-09-04 12:30:41,971 - Feature num: 370,
817 (0.584) samples in train set
292 (0.209) samples in val set
291 (0.208) samples in test set

2023-09-04 12:30:43,370 - All done. Saved to /content/drive/MyDrive/ColabNotebooks/TFM/generated_data/SAITS_30missingrate_100seqlen.
